apps/android/app/build/intermediates/manifest_merge_blame_file/debug/processDebugMainManifest/manifest-merger-blame-debug-report.txt
1<?xml version="1.0" encoding="utf-8"?>
2<manifest xmlns:android="http://schemas.android.com/apk/res/android"
3    package="com.pisotab.app"
4    android:versionCode="1"
5    android:versionName="1.0.0" >
6
7    <uses-sdk
8        android:minSdkVersion="26"
9        android:targetSdkVersion="34" />
10
11    <!-- Network -->
12    <uses-permission android:name="android.permission.INTERNET" />
12-->src\main\AndroidManifest.xml:6:5-67
12-->src\main\AndroidManifest.xml:6:22-64
13    <uses-permission android:name="android.permission.ACCESS_NETWORK_STATE" />
13-->src\main\AndroidManifest.xml:7:5-79
13-->src\main\AndroidManifest.xml:7:22-76
14    <uses-permission android:name="android.permission.ACCESS_WIFI_STATE" />
14-->src\main\AndroidManifest.xml:8:5-76
14-->src\main\AndroidManifest.xml:8:22-73
15    <uses-permission android:name="android.permission.CHANGE_NETWORK_STATE" />
15-->src\main\AndroidManifest.xml:9:5-79
15-->src\main\AndroidManifest.xml:9:22-76
16
17    <!-- Bluetooth (coin acceptor via BLE) -->
18    <uses-permission android:name="android.permission.BLUETOOTH" />
18-->src\main\AndroidManifest.xml:12:5-68
18-->src\main\AndroidManifest.xml:12:22-65
19    <uses-permission android:name="android.permission.BLUETOOTH_ADMIN" />
19-->src\main\AndroidManifest.xml:13:5-74
19-->src\main\AndroidManifest.xml:13:22-71
20    <uses-permission android:name="android.permission.BLUETOOTH_CONNECT" />
20-->src\main\AndroidManifest.xml:14:5-76
20-->src\main\AndroidManifest.xml:14:22-73
21    <uses-permission android:name="android.permission.BLUETOOTH_SCAN" />
21-->src\main\AndroidManifest.xml:15:5-73
21-->src\main\AndroidManifest.xml:15:22-70
22
23    <!-- Kiosk / device lock -->
24    <uses-permission android:name="android.permission.RECEIVE_BOOT_COMPLETED" />
24-->src\main\AndroidManifest.xml:18:5-81
24-->src\main\AndroidManifest.xml:18:22-78
25    <uses-permission android:name="android.permission.FOREGROUND_SERVICE" />
25-->src\main\AndroidManifest.xml:19:5-77
25-->src\main\AndroidManifest.xml:19:22-74
26    <uses-permission android:name="android.permission.FOREGROUND_SERVICE_DATA_SYNC" />
26-->src\main\AndroidManifest.xml:20:5-87
26-->src\main\AndroidManifest.xml:20:22-84
27    <uses-permission android:name="android.permission.WAKE_LOCK" />
27-->src\main\AndroidManifest.xml:21:5-68
27-->src\main\AndroidManifest.xml:21:22-65
28    <uses-permission android:name="android.permission.DISABLE_KEYGUARD" />
28-->src\main\AndroidManifest.xml:22:5-75
28-->src\main\AndroidManifest.xml:22:22-72
29
30    <!--
31         Required on Android 13+ (API 33) for NotificationManager.notify() to work.
32         Without this, postAlarmNotification() silently fails — startForeground() is exempt
33         but regular notify() calls are not.
34    -->
35    <uses-permission android:name="android.permission.POST_NOTIFICATIONS" />
35-->src\main\AndroidManifest.xml:27:5-77
35-->src\main\AndroidManifest.xml:27:22-74
36
37    <!--
38         Required to draw the floating timer overlay over other apps.
39         User must grant this via Settings > Apps > Special app access > Display over other apps.
40    -->
41    <uses-permission android:name="android.permission.SYSTEM_ALERT_WINDOW" />
41-->src\main\AndroidManifest.xml:31:5-78
41-->src\main\AndroidManifest.xml:31:22-75
42
43    <!--
44         Required to check which app is in the foreground for whitelist enforcement.
45         User must grant via Settings > Apps > Special app access > Usage access.
46    -->
47    <uses-permission android:name="android.permission.PACKAGE_USAGE_STATS" />
47-->src\main\AndroidManifest.xml:35:5-37:47
47-->src\main\AndroidManifest.xml:36:9-62
48
49    <!-- Required on Android 11+ to see all installed launcher apps in Allowed Apps list. -->
50    <queries>
50-->src\main\AndroidManifest.xml:40:5-45:15
51        <intent>
51-->src\main\AndroidManifest.xml:41:9-44:18
52            <action android:name="android.intent.action.MAIN" />
52-->src\main\AndroidManifest.xml:42:13-65
52-->src\main\AndroidManifest.xml:42:21-62
53
54            <category android:name="android.intent.category.LAUNCHER" />
54-->src\main\AndroidManifest.xml:43:13-73
54-->src\main\AndroidManifest.xml:43:23-70
55        </intent>
56    </queries>
57    <!-- Required by older versions of Google Play services to create IID tokens -->
58    <uses-permission android:name="com.google.android.c2dm.permission.RECEIVE" />
58-->[com.google.firebase:firebase-messaging:24.0.0] AndroidManifest.xml:26:5-82
58-->[com.google.firebase:firebase-messaging:24.0.0] AndroidManifest.xml:26:22-79
59
60    <permission
60-->[androidx.core:core:1.13.1] AndroidManifest.xml:22:5-24:47
61        android:name="com.pisotab.app.DYNAMIC_RECEIVER_NOT_EXPORTED_PERMISSION"
61-->[androidx.core:core:1.13.1] AndroidManifest.xml:23:9-81
62        android:protectionLevel="signature" />
62-->[androidx.core:core:1.13.1] AndroidManifest.xml:24:9-44
63
64    <uses-permission android:name="com.pisotab.app.DYNAMIC_RECEIVER_NOT_EXPORTED_PERMISSION" />
64-->[androidx.core:core:1.13.1] AndroidManifest.xml:26:5-97
64-->[androidx.core:core:1.13.1] AndroidManifest.xml:26:22-94
65
66    <application
66-->src\main\AndroidManifest.xml:47:5-138:19
67        android:name="com.pisotab.app.PisoTabApp"
67-->src\main\AndroidManifest.xml:48:9-35
68        android:allowBackup="false"
68-->src\main\AndroidManifest.xml:49:9-36
69        android:appComponentFactory="androidx.core.app.CoreComponentFactory"
69-->[androidx.core:core:1.13.1] AndroidManifest.xml:28:18-86
70        android:debuggable="true"
71        android:extractNativeLibs="false"
72        android:hardwareAccelerated="true"
72-->src\main\AndroidManifest.xml:54:9-43
73        android:icon="@mipmap/ic_launcher"
73-->src\main\AndroidManifest.xml:50:9-43
74        android:label="@string/app_name"
74-->src\main\AndroidManifest.xml:52:9-41
75        android:roundIcon="@mipmap/ic_launcher_round"
75-->src\main\AndroidManifest.xml:51:9-54
76        android:theme="@style/Theme.PisoTab"
76-->src\main\AndroidManifest.xml:53:9-45
77        android:usesCleartextTraffic="true" >
77-->src\main\AndroidManifest.xml:55:9-44
78
79        <!-- Main kiosk activity -->
80        <activity
80-->src\main\AndroidManifest.xml:58:9-70:20
81            android:name="com.pisotab.app.ui.MainActivity"
81-->src\main\AndroidManifest.xml:59:13-44
82            android:excludeFromRecents="true"
82-->src\main\AndroidManifest.xml:65:13-46
83            android:exported="true"
83-->src\main\AndroidManifest.xml:60:13-36
84            android:launchMode="singleTask"
84-->src\main\AndroidManifest.xml:61:13-44
85            android:screenOrientation="fullSensor"
85-->src\main\AndroidManifest.xml:62:13-51
86            android:showWhenLocked="true"
86-->src\main\AndroidManifest.xml:63:13-42
87            android:turnScreenOn="true" >
87-->src\main\AndroidManifest.xml:64:13-40
88            <intent-filter>
88-->src\main\AndroidManifest.xml:66:13-69:29
89                <action android:name="android.intent.action.MAIN" />
89-->src\main\AndroidManifest.xml:42:13-65
89-->src\main\AndroidManifest.xml:42:21-62
90
91                <category android:name="android.intent.category.LAUNCHER" />
91-->src\main\AndroidManifest.xml:43:13-73
91-->src\main\AndroidManifest.xml:43:23-70
92            </intent-filter>
93        </activity>
94
95        <!-- Lock screen overlay activity -->
96        <activity
96-->src\main\AndroidManifest.xml:73:9-79:63
97            android:name="com.pisotab.app.ui.LockScreenActivity"
97-->src\main\AndroidManifest.xml:74:13-50
98            android:exported="false"
98-->src\main\AndroidManifest.xml:75:13-37
99            android:screenOrientation="fullSensor"
99-->src\main\AndroidManifest.xml:78:13-51
100            android:showWhenLocked="true"
100-->src\main\AndroidManifest.xml:76:13-42
101            android:theme="@style/Theme.PisoTab.Fullscreen"
101-->src\main\AndroidManifest.xml:79:13-60
102            android:turnScreenOn="true" />
102-->src\main\AndroidManifest.xml:77:13-40
103
104        <!-- Setup / config activity (first-run only) -->
105        <activity
105-->src\main\AndroidManifest.xml:82:9-85:54
106            android:name="com.pisotab.app.ui.SetupActivity"
106-->src\main\AndroidManifest.xml:83:13-45
107            android:exported="false"
107-->src\main\AndroidManifest.xml:84:13-37
108            android:screenOrientation="fullSensor" />
108-->src\main\AndroidManifest.xml:85:13-51
109
110        <!-- Admin panel — sidebar navigation with all admin features -->
111        <activity
111-->src\main\AndroidManifest.xml:88:9-91:54
112            android:name="com.pisotab.app.ui.AdminActivity"
112-->src\main\AndroidManifest.xml:89:13-45
113            android:exported="false"
113-->src\main\AndroidManifest.xml:90:13-37
114            android:screenOrientation="fullSensor" />
114-->src\main\AndroidManifest.xml:91:13-51
115
116        <!-- Boot receiver -->
117        <receiver
117-->src\main\AndroidManifest.xml:94:9-102:20
118            android:name="com.pisotab.app.receiver.BootReceiver"
118-->src\main\AndroidManifest.xml:95:13-50
119            android:enabled="true"
119-->src\main\AndroidManifest.xml:97:13-35
120            android:exported="true" >
120-->src\main\AndroidManifest.xml:96:13-36
121            <intent-filter android:priority="999" >
121-->src\main\AndroidManifest.xml:98:13-101:29
121-->src\main\AndroidManifest.xml:98:28-50
122                <action android:name="android.intent.action.BOOT_COMPLETED" />
122-->src\main\AndroidManifest.xml:99:17-79
122-->src\main\AndroidManifest.xml:99:25-76
123                <action android:name="android.intent.action.QUICKBOOT_POWERON" />
123-->src\main\AndroidManifest.xml:100:17-82
123-->src\main\AndroidManifest.xml:100:25-79
124            </intent-filter>
125        </receiver>
126
127        <!-- Device admin receiver -->
128        <receiver
128-->src\main\AndroidManifest.xml:105:9-115:20
129            android:name="com.pisotab.app.receiver.DeviceAdminReceiver"
129-->src\main\AndroidManifest.xml:106:13-57
130            android:exported="true"
130-->src\main\AndroidManifest.xml:107:13-36
131            android:permission="android.permission.BIND_DEVICE_ADMIN" >
131-->src\main\AndroidManifest.xml:108:13-70
132            <meta-data
132-->src\main\AndroidManifest.xml:109:13-111:65
133                android:name="android.app.device_admin"
133-->src\main\AndroidManifest.xml:110:17-56
134                android:resource="@xml/device_admin_policies" />
134-->src\main\AndroidManifest.xml:111:17-62
135
136            <intent-filter>
136-->src\main\AndroidManifest.xml:112:13-114:29
137                <action android:name="android.app.action.DEVICE_ADMIN_ENABLED" />
137-->src\main\AndroidManifest.xml:113:17-82
137-->src\main\AndroidManifest.xml:113:25-79
138            </intent-filter>
139        </receiver>
140
141        <!-- Firebase Cloud Messaging -->
142        <service
142-->src\main\AndroidManifest.xml:118:9-124:19
143            android:name="com.pisotab.app.service.PisoTabFirebaseService"
143-->src\main\AndroidManifest.xml:119:13-59
144            android:exported="false" >
144-->src\main\AndroidManifest.xml:120:13-37
145            <intent-filter>
145-->src\main\AndroidManifest.xml:121:13-123:29
146                <action android:name="com.google.firebase.MESSAGING_EVENT" />
146-->src\main\AndroidManifest.xml:122:17-78
146-->src\main\AndroidManifest.xml:122:25-75
147            </intent-filter>
148        </service>
149
150        <!-- Timer foreground service -->
151        <service
151-->src\main\AndroidManifest.xml:127:9-130:56
152            android:name="com.pisotab.app.service.TimerService"
152-->src\main\AndroidManifest.xml:128:13-49
153            android:exported="false"
153-->src\main\AndroidManifest.xml:129:13-37
154            android:foregroundServiceType="dataSync" />
154-->src\main\AndroidManifest.xml:130:13-53
155
156        <!-- Sync foreground service -->
157        <service
157-->src\main\AndroidManifest.xml:133:9-136:56
158            android:name="com.pisotab.app.service.SyncService"
158-->src\main\AndroidManifest.xml:134:13-48
159            android:exported="false"
159-->src\main\AndroidManifest.xml:135:13-37
160            android:foregroundServiceType="dataSync" />
160-->src\main\AndroidManifest.xml:136:13-53
161        <service
161-->[com.google.firebase:firebase-messaging-ktx:24.0.0] AndroidManifest.xml:23:9-29:19
162            android:name="com.google.firebase.components.ComponentDiscoveryService"
162-->[com.google.firebase:firebase-messaging-ktx:24.0.0] AndroidManifest.xml:24:13-84
163            android:directBootAware="true"
163-->[com.google.firebase:firebase-common:21.0.0] AndroidManifest.xml:32:13-43
164            android:exported="false" >
164-->[com.google.firebase:firebase-messaging-ktx:24.0.0] AndroidManifest.xml:25:13-37
165            <meta-data
165-->[com.google.firebase:firebase-messaging-ktx:24.0.0] AndroidManifest.xml:26:13-28:85
166                android:name="com.google.firebase.components:com.google.firebase.messaging.ktx.FirebaseMessagingLegacyRegistrar"
166-->[com.google.firebase:firebase-messaging-ktx:24.0.0] AndroidManifest.xml:27:17-129
167                android:value="com.google.firebase.components.ComponentRegistrar" />
167-->[com.google.firebase:firebase-messaging-ktx:24.0.0] AndroidManifest.xml:28:17-82
168            <meta-data
168-->[com.google.firebase:firebase-messaging:24.0.0] AndroidManifest.xml:57:13-59:85
169                android:name="com.google.firebase.components:com.google.firebase.messaging.FirebaseMessagingKtxRegistrar"
169-->[com.google.firebase:firebase-messaging:24.0.0] AndroidManifest.xml:58:17-122
170                android:value="com.google.firebase.components.ComponentRegistrar" />
170-->[com.google.firebase:firebase-messaging:24.0.0] AndroidManifest.xml:59:17-82
171            <meta-data
171-->[com.google.firebase:firebase-messaging:24.0.0] AndroidManifest.xml:60:13-62:85
172                android:name="com.google.firebase.components:com.google.firebase.messaging.FirebaseMessagingRegistrar"
172-->[com.google.firebase:firebase-messaging:24.0.0] AndroidManifest.xml:61:17-119
173                android:value="com.google.firebase.components.ComponentRegistrar" />
173-->[com.google.firebase:firebase-messaging:24.0.0] AndroidManifest.xml:62:17-82
174            <meta-data
174-->[com.google.firebase:firebase-installations:18.0.0] AndroidManifest.xml:15:13-17:85
175                android:name="com.google.firebase.components:com.google.firebase.installations.FirebaseInstallationsKtxRegistrar"
175-->[com.google.firebase:firebase-installations:18.0.0] AndroidManifest.xml:16:17-130
176                android:value="com.google.firebase.components.ComponentRegistrar" />
176-->[com.google.firebase:firebase-installations:18.0.0] AndroidManifest.xml:17:17-82
177            <meta-data
177-->[com.google.firebase:firebase-installations:18.0.0] AndroidManifest.xml:18:13-20:85
178                android:name="com.google.firebase.components:com.google.firebase.installations.FirebaseInstallationsRegistrar"
178-->[com.google.firebase:firebase-installations:18.0.0] AndroidManifest.xml:19:17-127
179                android:value="com.google.firebase.components.ComponentRegistrar" />
179-->[com.google.firebase:firebase-installations:18.0.0] AndroidManifest.xml:20:17-82
180            <meta-data
180-->[com.google.firebase:firebase-common-ktx:21.0.0] AndroidManifest.xml:12:13-14:85
181                android:name="com.google.firebase.components:com.google.firebase.ktx.FirebaseCommonLegacyRegistrar"
181-->[com.google.firebase:firebase-common-ktx:21.0.0] AndroidManifest.xml:13:17-116
182                android:value="com.google.firebase.components.ComponentRegistrar" />
182-->[com.google.firebase:firebase-common-ktx:21.0.0] AndroidManifest.xml:14:17-82
183            <meta-data
183-->[com.google.firebase:firebase-common:21.0.0] AndroidManifest.xml:35:13-37:85
184                android:name="com.google.firebase.components:com.google.firebase.FirebaseCommonKtxRegistrar"
184-->[com.google.firebase:firebase-common:21.0.0] AndroidManifest.xml:36:17-109
185                android:value="com.google.firebase.components.ComponentRegistrar" />
185-->[com.google.firebase:firebase-common:21.0.0] AndroidManifest.xml:37:17-82
186            <meta-data
186-->[com.google.firebase:firebase-datatransport:18.2.0] AndroidManifest.xml:25:13-27:85
187                android:name="com.google.firebase.components:com.google.firebase.datatransport.TransportRegistrar"
187-->[com.google.firebase:firebase-datatransport:18.2.0] AndroidManifest.xml:26:17-115
188                android:value="com.google.firebase.components.ComponentRegistrar" />
188-->[com.google.firebase:firebase-datatransport:18.2.0] AndroidManifest.xml:27:17-82
189        </service>
190
191        <receiver
191-->[com.google.firebase:firebase-messaging:24.0.0] AndroidManifest.xml:29:9-40:20
192            android:name="com.google.firebase.iid.FirebaseInstanceIdReceiver"
192-->[com.google.firebase:firebase-messaging:24.0.0] AndroidManifest.xml:30:13-78
193            android:exported="true"
193-->[com.google.firebase:firebase-messaging:24.0.0] AndroidManifest.xml:31:13-36
194            android:permission="com.google.android.c2dm.permission.SEND" >
194-->[com.google.firebase:firebase-messaging:24.0.0] AndroidManifest.xml:32:13-73
195            <intent-filter>
195-->[com.google.firebase:firebase-messaging:24.0.0] AndroidManifest.xml:33:13-35:29
196                <action android:name="com.google.android.c2dm.intent.RECEIVE" />
196-->[com.google.firebase:firebase-messaging:24.0.0] AndroidManifest.xml:34:17-81
196-->[com.google.firebase:firebase-messaging:24.0.0] AndroidManifest.xml:34:25-78
197            </intent-filter>
198
199            <meta-data
199-->[com.google.firebase:firebase-messaging:24.0.0] AndroidManifest.xml:37:13-39:40
200                android:name="com.google.android.gms.cloudmessaging.FINISHED_AFTER_HANDLED"
200-->[com.google.firebase:firebase-messaging:24.0.0] AndroidManifest.xml:38:17-92
201                android:value="true" />
201-->[com.google.firebase:firebase-messaging:24.0.0] AndroidManifest.xml:39:17-37
202        </receiver>
203        <!--
204             FirebaseMessagingService performs security checks at runtime,
205             but set to not exported to explicitly avoid allowing another app to call it.
206        -->
207        <service
207-->[com.google.firebase:firebase-messaging:24.0.0] AndroidManifest.xml:46:9-53:19
208            android:name="com.google.firebase.messaging.FirebaseMessagingService"
208-->[com.google.firebase:firebase-messaging:24.0.0] AndroidManifest.xml:47:13-82
209            android:directBootAware="true"
209-->[com.google.firebase:firebase-messaging:24.0.0] AndroidManifest.xml:48:13-43
210            android:exported="false" >
210-->[com.google.firebase:firebase-messaging:24.0.0] AndroidManifest.xml:49:13-37
211            <intent-filter android:priority="-500" >
211-->src\main\AndroidManifest.xml:121:13-123:29
212                <action android:name="com.google.firebase.MESSAGING_EVENT" />
212-->src\main\AndroidManifest.xml:122:17-78
212-->src\main\AndroidManifest.xml:122:25-75
213            </intent-filter>
214        </service>
215
216        <activity
216-->[com.google.android.gms:play-services-base:18.0.1] AndroidManifest.xml:20:9-22:45
217            android:name="com.google.android.gms.common.api.GoogleApiActivity"
217-->[com.google.android.gms:play-services-base:18.0.1] AndroidManifest.xml:20:19-85
218            android:exported="false"
218-->[com.google.android.gms:play-services-base:18.0.1] AndroidManifest.xml:22:19-43
219            android:theme="@android:style/Theme.Translucent.NoTitleBar" />
219-->[com.google.android.gms:play-services-base:18.0.1] AndroidManifest.xml:21:19-78
220
221        <provider
221-->[com.google.firebase:firebase-common:21.0.0] AndroidManifest.xml:23:9-28:39
222            android:name="com.google.firebase.provider.FirebaseInitProvider"
222-->[com.google.firebase:firebase-common:21.0.0] AndroidManifest.xml:24:13-77
223            android:authorities="com.pisotab.app.firebaseinitprovider"
223-->[com.google.firebase:firebase-common:21.0.0] AndroidManifest.xml:25:13-72
224            android:directBootAware="true"
224-->[com.google.firebase:firebase-common:21.0.0] AndroidManifest.xml:26:13-43
225            android:exported="false"
225-->[com.google.firebase:firebase-common:21.0.0] AndroidManifest.xml:27:13-37
226            android:initOrder="100" />
226-->[com.google.firebase:firebase-common:21.0.0] AndroidManifest.xml:28:13-36
227        <provider
227-->[androidx.emoji2:emoji2:1.3.0] AndroidManifest.xml:24:9-32:20
228            android:name="androidx.startup.InitializationProvider"
228-->[androidx.emoji2:emoji2:1.3.0] AndroidManifest.xml:25:13-67
229            android:authorities="com.pisotab.app.androidx-startup"
229-->[androidx.emoji2:emoji2:1.3.0] AndroidManifest.xml:26:13-68
230            android:exported="false" >
230-->[androidx.emoji2:emoji2:1.3.0] AndroidManifest.xml:27:13-37
231            <meta-data
231-->[androidx.emoji2:emoji2:1.3.0] AndroidManifest.xml:29:13-31:52
232                android:name="androidx.emoji2.text.EmojiCompatInitializer"
232-->[androidx.emoji2:emoji2:1.3.0] AndroidManifest.xml:30:17-75
233                android:value="androidx.startup" />
233-->[androidx.emoji2:emoji2:1.3.0] AndroidManifest.xml:31:17-49
234            <meta-data
234-->[androidx.work:work-runtime:2.9.1] AndroidManifest.xml:34:13-36:52
235                android:name="androidx.work.WorkManagerInitializer"
235-->[androidx.work:work-runtime:2.9.1] AndroidManifest.xml:35:17-68
236                android:value="androidx.startup" />
236-->[androidx.work:work-runtime:2.9.1] AndroidManifest.xml:36:17-49
237            <meta-data
237-->[androidx.lifecycle:lifecycle-process:2.8.4] AndroidManifest.xml:29:13-31:52
238                android:name="androidx.lifecycle.ProcessLifecycleInitializer"
238-->[androidx.lifecycle:lifecycle-process:2.8.4] AndroidManifest.xml:30:17-78
239                android:value="androidx.startup" />
239-->[androidx.lifecycle:lifecycle-process:2.8.4] AndroidManifest.xml:31:17-49
240            <meta-data
240-->[androidx.profileinstaller:profileinstaller:1.3.1] AndroidManifest.xml:29:13-31:52
241                android:name="androidx.profileinstaller.ProfileInstallerInitializer"
241-->[androidx.profileinstaller:profileinstaller:1.3.1] AndroidManifest.xml:30:17-85
242                android:value="androidx.startup" />
242-->[androidx.profileinstaller:profileinstaller:1.3.1] AndroidManifest.xml:31:17-49
243        </provider>
244
245        <service
245-->[androidx.work:work-runtime:2.9.1] AndroidManifest.xml:39:9-45:35
246            android:name="androidx.work.impl.background.systemalarm.SystemAlarmService"
246-->[androidx.work:work-runtime:2.9.1] AndroidManifest.xml:40:13-88
247            android:directBootAware="false"
247-->[androidx.work:work-runtime:2.9.1] AndroidManifest.xml:41:13-44
248            android:enabled="@bool/enable_system_alarm_service_default"
248-->[androidx.work:work-runtime:2.9.1] AndroidManifest.xml:42:13-72
249            android:exported="false" />
249-->[androidx.work:work-runtime:2.9.1] AndroidManifest.xml:43:13-37
250        <service
250-->[androidx.work:work-runtime:2.9.1] AndroidManifest.xml:46:9-52:35
251            android:name="androidx.work.impl.background.systemjob.SystemJobService"
251-->[androidx.work:work-runtime:2.9.1] AndroidManifest.xml:47:13-84
252            android:directBootAware="false"
252-->[androidx.work:work-runtime:2.9.1] AndroidManifest.xml:48:13-44
253            android:enabled="@bool/enable_system_job_service_default"
253-->[androidx.work:work-runtime:2.9.1] AndroidManifest.xml:49:13-70
254            android:exported="true"
254-->[androidx.work:work-runtime:2.9.1] AndroidManifest.xml:50:13-36
255            android:permission="android.permission.BIND_JOB_SERVICE" />
255-->[androidx.work:work-runtime:2.9.1] AndroidManifest.xml:51:13-69
256        <service
256-->[androidx.work:work-runtime:2.9.1] AndroidManifest.xml:53:9-59:35
257            android:name="androidx.work.impl.foreground.SystemForegroundService"
257-->[androidx.work:work-runtime:2.9.1] AndroidManifest.xml:54:13-81
258            android:directBootAware="false"
258-->[androidx.work:work-runtime:2.9.1] AndroidManifest.xml:55:13-44
259            android:enabled="@bool/enable_system_foreground_service_default"
259-->[androidx.work:work-runtime:2.9.1] AndroidManifest.xml:56:13-77
260            android:exported="false" />
260-->[androidx.work:work-runtime:2.9.1] AndroidManifest.xml:57:13-37
261
262        <receiver
262-->[androidx.work:work-runtime:2.9.1] AndroidManifest.xml:61:9-66:35
263            android:name="androidx.work.impl.utils.ForceStopRunnable$BroadcastReceiver"
263-->[androidx.work:work-runtime:2.9.1] AndroidManifest.xml:62:13-88
264            android:directBootAware="false"
264-->[androidx.work:work-runtime:2.9.1] AndroidManifest.xml:63:13-44
265            android:enabled="true"
265-->[androidx.work:work-runtime:2.9.1] AndroidManifest.xml:64:13-35
266            android:exported="false" />
266-->[androidx.work:work-runtime:2.9.1] AndroidManifest.xml:65:13-37
267        <receiver
267-->[androidx.work:work-runtime:2.9.1] AndroidManifest.xml:67:9-77:20
268            android:name="androidx.work.impl.background.systemalarm.ConstraintProxy$BatteryChargingProxy"
268-->[androidx.work:work-runtime:2.9.1] AndroidManifest.xml:68:13-106
269            android:directBootAware="false"
269-->[androidx.work:work-runtime:2.9.1] AndroidManifest.xml:69:13-44
270            android:enabled="false"
270-->[androidx.work:work-runtime:2.9.1] AndroidManifest.xml:70:13-36
271            android:exported="false" >
271-->[androidx.work:work-runtime:2.9.1] AndroidManifest.xml:71:13-37
272            <intent-filter>
272-->[androidx.work:work-runtime:2.9.1] AndroidManifest.xml:73:13-76:29
273                <action android:name="android.intent.action.ACTION_POWER_CONNECTED" />
273-->[androidx.work:work-runtime:2.9.1] AndroidManifest.xml:74:17-87
273-->[androidx.work:work-runtime:2.9.1] AndroidManifest.xml:74:25-84
274                <action android:name="android.intent.action.ACTION_POWER_DISCONNECTED" />
274-->[androidx.work:work-runtime:2.9.1] AndroidManifest.xml:75:17-90
274-->[androidx.work:work-runtime:2.9.1] AndroidManifest.xml:75:25-87
275            </intent-filter>
276        </receiver>
277        <receiver
277-->[androidx.work:work-runtime:2.9.1] AndroidManifest.xml:78:9-88:20
278            android:name="androidx.work.impl.background.systemalarm.ConstraintProxy$BatteryNotLowProxy"
278-->[androidx.work:work-runtime:2.9.1] AndroidManifest.xml:79:13-104
279            android:directBootAware="false"
279-->[androidx.work:work-runtime:2.9.1] AndroidManifest.xml:80:13-44
280            android:enabled="false"
280-->[androidx.work:work-runtime:2.9.1] AndroidManifest.xml:81:13-36
281            android:exported="false" >
281-->[androidx.work:work-runtime:2.9.1] AndroidManifest.xml:82:13-37
282            <intent-filter>
282-->[androidx.work:work-runtime:2.9.1] AndroidManifest.xml:84:13-87:29
283                <action android:name="android.intent.action.BATTERY_OKAY" />
283-->[androidx.work:work-runtime:2.9.1] AndroidManifest.xml:85:17-77
283-->[androidx.work:work-runtime:2.9.1] AndroidManifest.xml:85:25-74
284                <action android:name="android.intent.action.BATTERY_LOW" />
284-->[androidx.work:work-runtime:2.9.1] AndroidManifest.xml:86:17-76
284-->[androidx.work:work-runtime:2.9.1] AndroidManifest.xml:86:25-73
285            </intent-filter>
286        </receiver>
287        <receiver
287-->[androidx.work:work-runtime:2.9.1] AndroidManifest.xml:89:9-99:20
288            android:name="androidx.work.impl.background.systemalarm.ConstraintProxy$StorageNotLowProxy"
288-->[androidx.work:work-runtime:2.9.1] AndroidManifest.xml:90:13-104
289            android:directBootAware="false"
289-->[androidx.work:work-runtime:2.9.1] AndroidManifest.xml:91:13-44
290            android:enabled="false"
290-->[androidx.work:work-runtime:2.9.1] AndroidManifest.xml:92:13-36
291            android:exported="false" >
291-->[androidx.work:work-runtime:2.9.1] AndroidManifest.xml:93:13-37
292            <intent-filter>
292-->[androidx.work:work-runtime:2.9.1] AndroidManifest.xml:95:13-98:29
293                <action android:name="android.intent.action.DEVICE_STORAGE_LOW" />
293-->[androidx.work:work-runtime:2.9.1] AndroidManifest.xml:96:17-83
293-->[androidx.work:work-runtime:2.9.1] AndroidManifest.xml:96:25-80
294                <action android:name="android.intent.action.DEVICE_STORAGE_OK" />
294-->[androidx.work:work-runtime:2.9.1] AndroidManifest.xml:97:17-82
294-->[androidx.work:work-runtime:2.9.1] AndroidManifest.xml:97:25-79
295            </intent-filter>
296        </receiver>
297        <receiver
297-->[androidx.work:work-runtime:2.9.1] AndroidManifest.xml:100:9-109:20
298            android:name="androidx.work.impl.background.systemalarm.ConstraintProxy$NetworkStateProxy"
298-->[androidx.work:work-runtime:2.9.1] AndroidManifest.xml:101:13-103
299            android:directBootAware="false"
299-->[androidx.work:work-runtime:2.9.1] AndroidManifest.xml:102:13-44
300            android:enabled="false"
300-->[androidx.work:work-runtime:2.9.1] AndroidManifest.xml:103:13-36
301            android:exported="false" >
301-->[androidx.work:work-runtime:2.9.1] AndroidManifest.xml:104:13-37
302            <intent-filter>
302-->[androidx.work:work-runtime:2.9.1] AndroidManifest.xml:106:13-108:29
303                <action android:name="android.net.conn.CONNECTIVITY_CHANGE" />
303-->[androidx.work:work-runtime:2.9.1] AndroidManifest.xml:107:17-79
303-->[androidx.work:work-runtime:2.9.1] AndroidManifest.xml:107:25-76
304            </intent-filter>
305        </receiver>